Mono path[0] = '/TDW/TDW_Data/Managed'
Mono config path = '/TDW/TDW_Data/MonoBleedingEdge/etc'
Unable to preload the following plugins:
	libaudiopluginresonanceaudio.so
	libflexUtils.so
Display 0 'NVIDIA VGX  30"': 2560x1600 (primary device).
Unable to load player prefs
Plugins: Couldn't open /TDW/TDW_Data/Plugins/libaudiopluginresonanceaudio.so, error: /TDW/TDW_Data/Plugins/libaudiopluginresonanceaudio.so: symbol __google_auxv, version GLIBC_PRIVATE not defined in file ld-linux-x86-64.so.2 with link time reference

Plugins: Couldn't open /TDW/TDW_Data/Plugins/libaudiopluginresonanceaudio.so, error: /TDW/TDW_Data/Plugins/libaudiopluginresonanceaudio.so: symbol __google_auxv, version GLIBC_PRIVATE not defined in file ld-linux-x86-64.so.2 with link time reference

Desktop is 2560 x 1600 @ 60 Hz
Initialize engine version: 2020.2.2f1 (068178b99f32)
Plugins: Couldn't open OculusXRPlugin, error: OculusXRPlugin: cannot open shared object file: No such file or directory

[Subsystems] Discovering subsystems at path /TDW/TDW_Data/UnitySubsystems
[Subsystems] No descriptors matched for  examples in UnitySubsystems/OculusXRPlugin/UnitySubsystemsManifest.json.
[Subsystems] 1 'inputs' descriptors matched in UnitySubsystems/OculusXRPlugin/UnitySubsystemsManifest.json
[Subsystems] 1 'displays' descriptors matched in UnitySubsystems/OculusXRPlugin/UnitySubsystemsManifest.json
[Subsystems] No descriptors matched for  meshings in UnitySubsystems/OculusXRPlugin/UnitySubsystemsManifest.json.
[Subsystems] No descriptors matched for  examples in UnitySubsystems/WindowsMRXRSDK/UnitySubsystemsManifest.json.
[Subsystems] 1 'inputs' descriptors matched in UnitySubsystems/WindowsMRXRSDK/UnitySubsystemsManifest.json
[Subsystems] 1 'displays' descriptors matched in UnitySubsystems/WindowsMRXRSDK/UnitySubsystemsManifest.json
[Subsystems] 1 'meshings' descriptors matched in UnitySubsystems/WindowsMRXRSDK/UnitySubsystemsManifest.json
Forcing GfxDevice: OpenGL Core
GfxDevice: creating device client; threaded=1
Renderer: Tesla P100-PCIE-16GB/PCIe/SSE2
Vendor:   NVIDIA Corporation
Version:  4.2.0 NVIDIA 450.51.06
GLES:     0
 GL_AMD_multi_draw_indirect GL_AMD_seamless_cubemap_per_texture GL_AMD_vertex_shader_viewport_index GL_AMD_vertex_shader_layer GL_ARB_arrays_of_arrays GL_ARB_base_instance GL_ARB_bindless_texture GL_ARB_blend_func_extended GL_ARB_buffer_storage GL_ARB_clear_buffer_object GL_ARB_clear_texture GL_ARB_clip_control GL_ARB_color_buffer_float GL_ARB_compressed_texture_pixel_storage GL_ARB_conservative_depth GL_ARB_compute_shader GL_ARB_compute_variable_group_size GL_ARB_conditional_render_inverted GL_ARB_copy_buffer GL_ARB_copy_image GL_ARB_cull_distance GL_ARB_debug_output GL_ARB_depth_buffer_float GL_ARB_depth_clamp GL_ARB_depth_texture GL_ARB_derivative_control GL_ARB_direct_state_access GL_ARB_draw_buffers GL_ARB_draw_buffers_blend GL_ARB_draw_indirect GL_ARB_draw_elements_base_vertex GL_ARB_draw_instanced GL_ARB_enhanced_layouts GL_ARB_ES2_compatibility GL_ARB_ES3_compatibility GL_ARB_ES3_1_compatibility GL_ARB_ES3_2_compatibility GL_ARB_explicit_attrib_location GL_ARB_explicit_uniform_location GL_ARB_fragmen
t_coord_conventions GL_ARB_fragment_layer_viewport GL_ARB_fragment_program GL_ARB_fragment_program_shadow GL_ARB_fragment_shader GL_ARB_fragment_shader_interlock GL_ARB_framebuffer_no_attachments GL_ARB_framebuffer_object GL_ARB_framebuffer_sRGB GL_ARB_geometry_shader4 GL_ARB_get_program_binary GL_ARB_get_texture_sub_image GL_ARB_gl_spirv GL_ARB_gpu_shader5 GL_ARB_gpu_shader_fp64 GL_ARB_gpu_shader_int64 GL_ARB_half_float_pixel GL_ARB_half_float_vertex GL_ARB_imaging GL_ARB_indirect_parameters GL_ARB_instanced_arrays GL_ARB_internalformat_query GL_ARB_internalformat_query2 GL_ARB_invalidate_subdata GL_ARB_map_buffer_alignment GL_ARB_map_buffer_range GL_ARB_multi_bind GL_ARB_multi_draw_indirect GL_ARB_multisample GL_ARB_multitexture GL_ARB_occlusion_query GL_ARB_occlusion_query2 GL_ARB_parallel_shader_compile GL_ARB_pipeline_statistics_query GL_ARB_pixel_buffer_object GL_ARB_point_parameters GL_ARB_point_sprite GL_ARB_polygon_offset_clamp GL_ARB_post_depth_coverage GL_ARB_program_interface_query GL_ARB_provoki
ng_vertex GL_ARB_query_buffer_object GL_ARB_robust_buffer_access_behavior GL_ARB_robustness GL_ARB_sample_locations GL_ARB_sample_shading GL_ARB_sampler_objects GL_ARB_seamless_cube_map GL_ARB_seamless_cubemap_per_texture GL_ARB_separate_shader_objects GL_ARB_shader_atomic_counter_ops GL_ARB_shader_atomic_counters GL_ARB_shader_ballot GL_ARB_shader_bit_encoding GL_ARB_shader_clock GL_ARB_shader_draw_parameters GL_ARB_shader_group_vote GL_ARB_shader_image_load_store GL_ARB_shader_image_size GL_ARB_shader_objects GL_ARB_shader_precision GL_ARB_shader_storage_buffer_object GL_ARB_shader_subroutine GL_ARB_shader_texture_image_samples GL_ARB_shader_texture_lod GL_ARB_shading_language_100 GL_ARB_shader_viewport_layer_array GL_ARB_shading_language_420pack GL_ARB_shading_language_include GL_ARB_shading_language_packing GL_ARB_shadow GL_ARB_sparse_buffer GL_ARB_sparse_texture GL_ARB_sparse_texture2 GL_ARB_sparse_texture_clamp GL_ARB_spirv_extensions GL_ARB_stencil_texturing GL_ARB_sync GL_ARB_tessellation_shader GL_A
RB_texture_barrier GL_ARB_texture_border_clamp GL_ARB_texture_buffer_object GL_ARB_texture_buffer_object_rgb32 GL_ARB_texture_buffer_range GL_ARB_texture_compression GL_ARB_texture_compression_bptc GL_ARB_texture_compression_rgtc GL_ARB_texture_cube_map GL_ARB_texture_cube_map_array GL_ARB_texture_env_add GL_ARB_texture_env_combine GL_ARB_texture_env_crossbar GL_ARB_texture_env_dot3 GL_ARB_texture_filter_anisotropic GL_ARB_texture_filter_minmax GL_ARB_texture_float GL_ARB_texture_gather GL_ARB_texture_mirror_clamp_to_edge GL_ARB_texture_mirrored_repeat GL_ARB_texture_multisample GL_ARB_texture_non_power_of_two GL_ARB_texture_query_levels GL_ARB_texture_query_lod GL_ARB_texture_rectangle GL_ARB_texture_rg GL_ARB_texture_rgb10_a2ui GL_ARB_texture_stencil8 GL_ARB_texture_storage GL_ARB_texture_storage_multisample GL_ARB_texture_swizzle GL_ARB_texture_view GL_ARB_timer_query GL_ARB_transform_feedback2 GL_ARB_transform_feedback3 GL_ARB_transform_feedback_instanced GL_ARB_transform_feedback_overflow_query GL_ARB_t
ranspose_matrix GL_ARB_uniform_buffer_object GL_ARB_vertex_array_bgra GL_ARB_vertex_array_object GL_ARB_vertex_attrib_64bit GL_ARB_vertex_attrib_binding GL_ARB_vertex_buffer_object GL_ARB_vertex_program GL_ARB_vertex_shader GL_ARB_vertex_type_10f_11f_11f_rev GL_ARB_vertex_type_2_10_10_10_rev GL_ARB_viewport_array GL_ARB_window_pos GL_ATI_draw_buffers GL_ATI_texture_float GL_ATI_texture_mirror_once GL_S3_s3tc GL_EXT_texture_env_add GL_EXT_abgr GL_EXT_bgra GL_EXT_bindable_uniform GL_EXT_blend_color GL_EXT_blend_equation_separate GL_EXT_blend_func_separate GL_EXT_blend_minmax GL_EXT_blend_subtract GL_EXT_compiled_vertex_array GL_EXT_Cg_shader GL_EXT_depth_bounds_test GL_EXT_direct_state_access GL_EXT_draw_buffers2 GL_EXT_draw_instanced GL_EXT_draw_range_elements GL_EXT_fog_coord GL_EXT_framebuffer_blit GL_EXT_framebuffer_multisample GL_EXTX_framebuffer_mixed_formats GL_EXT_framebuffer_multisample_blit_scaled GL_EXT_framebuffer_object GL_EXT_framebuffer_sRGB GL_EXT_geometry_shader4 GL_EXT_gpu_program_parameters 
GL_EXT_gpu_shader4 GL_EXT_multi_draw_arrays GL_EXT_multiview_texture_multisample GL_EXT_multiview_timer_query GL_EXT_packed_depth_stencil GL_EXT_packed_float GL_EXT_packed_pixels GL_EXT_pixel_buffer_object GL_EXT_point_parameters GL_EXT_polygon_offset_clamp GL_EXT_post_depth_coverage GL_EXT_provoking_vertex GL_EXT_raster_multisample GL_EXT_rescale_normal GL_EXT_secondary_color GL_EXT_separate_shader_objects GL_EXT_separate_specular_color GL_EXT_shader_image_load_formatted GL_EXT_shader_image_load_store GL_EXT_shader_integer_mix GL_EXT_shadow_funcs GL_EXT_sparse_texture2 GL_EXT_stencil_two_side GL_EXT_stencil_wrap GL_EXT_texture3D GL_EXT_texture_array GL_EXT_texture_buffer_object GL_EXT_texture_compression_dxt1 GL_EXT_texture_compression_latc GL_EXT_texture_compression_rgtc GL_EXT_texture_compression_s3tc GL_EXT_texture_cube_map GL_EXT_texture_edge_clamp GL_EXT_texture_env_combine GL_EXT_texture_env_dot3 GL_EXT_texture_filter_anisotropic GL_EXT_texture_filter_minmax GL_EXT_texture_integer GL_EXT_texture_lod G
L_EXT_texture_lod_bias GL_EXT_texture_mirror_clamp GL_EXT_texture_object GL_EXT_texture_shadow_lod GL_EXT_texture_shared_exponent GL_EXT_texture_sRGB GL_EXT_texture_sRGB_R8 GL_EXT_texture_sRGB_decode GL_EXT_texture_storage GL_EXT_texture_swizzle GL_EXT_timer_query GL_EXT_transform_feedback2 GL_EXT_vertex_array GL_EXT_vertex_array_bgra GL_EXT_vertex_attrib_64bit GL_EXT_window_rectangles GL_EXT_x11_sync_object GL_EXT_import_sync_object GL_NV_robustness_video_memory_purge GL_NVX_shared_sync_object GL_IBM_rasterpos_clip GL_IBM_texture_mirrored_repeat GL_KHR_context_flush_control GL_KHR_debug GL_EXT_memory_object GL_EXT_memory_object_fd GL_KHR_parallel_shader_compile GL_KHR_no_error GL_KHR_robust_buffer_access_behavior GL_KHR_robustness GL_EXT_semaphore GL_EXT_semaphore_fd GL_KHR_shader_subgroup GL_KTX_buffer_region GL_NV_alpha_to_coverage_dither_control GL_NV_bindless_multi_draw_indirect GL_NV_bindless_multi_draw_indirect_count GL_NV_bindless_texture GL_NV_blend_equation_advanced GL_NV_blend_equation_advanced_co
herent GL_NV_blend_minmax_factor GL_NV_blend_square GL_NV_command_list GL_NV_compute_program5 GL_NV_conditional_render GL_NV_conservative_raster GL_NV_conservative_raster_dilate GL_NV_conservative_raster_pre_snap_triangles GL_NV_copy_depth_to_color GL_NV_copy_image GL_NV_depth_buffer_float GL_NV_depth_clamp GL_NV_draw_texture GL_NV_draw_vulkan_image GL_NV_ES1_1_compatibility GL_NV_ES3_1_compatibility GL_NV_explicit_multisample GL_NV_feature_query GL_NV_fence GL_NV_fill_rectangle GL_NV_float_buffer GL_NV_fog_distance GL_NV_fragment_coverage_to_color GL_NV_fragment_program GL_NV_fragment_program_option GL_NV_fragment_program2 GL_NV_fragment_shader_interlock GL_NV_framebuffer_mixed_samples GL_NV_framebuffer_multisample_coverage GL_NV_geometry_shader4 GL_NV_geometry_shader_passthrough GL_NV_gpu_program4 GL_NV_internalformat_sample_query GL_NV_gpu_program4_1 GL_NV_gpu_program5 GL_NV_gpu_program5_mem_extended GL_NV_gpu_program_fp64 GL_NV_gpu_shader5 GL_NV_half_float GL_NV_light_max_exponent GL_NV_memory_attachment
 GL_NV_multisample_coverage GL_NV_multisample_filter_hint GL_NV_occlusion_query GL_NV_packed_depth_stencil GL_NV_parameter_buffer_object GL_NV_parameter_buffer_object2 GL_NV_path_rendering GL_NV_path_rendering_shared_edge GL_NV_pixel_data_range GL_NV_point_sprite GL_NV_primitive_restart GL_NV_query_resource GL_NV_query_resource_tag GL_NV_register_combiners GL_NV_register_combiners2 GL_NV_sample_locations GL_NV_sample_mask_override_coverage GL_NV_shader_atomic_counters GL_NV_shader_atomic_float GL_NV_shader_atomic_float64 GL_NV_shader_atomic_fp16_vector GL_NV_shader_atomic_int64 GL_NV_shader_buffer_load GL_NV_shader_storage_buffer_object GL_NV_shader_subgroup_partitioned GL_NV_texgen_reflection GL_NV_texture_barrier GL_NV_texture_compression_vtc GL_NV_texture_env_combine4 GL_NV_texture_multisample GL_NV_texture_rectangle GL_NV_texture_rectangle_compressed GL_NV_texture_shader GL_NV_texture_shader2 GL_NV_texture_shader3 GL_NV_transform_feedback GL_NV_transform_feedback2 GL_NV_uniform_buffer_unified_memory GL_N
V_vdpau_interop GL_NV_vdpau_interop2 GL_NV_vertex_array_range GL_NV_vertex_array_range2 GL_NV_vertex_attrib_integer_64bit GL_NV_vertex_buffer_unified_memory GL_NV_vertex_program GL_NV_vertex_program1_1 GL_NV_vertex_program2 GL_NV_vertex_program2_option GL_NV_vertex_program3 GL_NV_viewport_array2 GL_NV_viewport_swizzle GL_NVX_sysmem_buffer GL_NVX_conditional_render GL_NV_gpu_multicast GL_NVX_progress_fence GL_NVX_gpu_memory_info GL_NVX_nvenc_interop GL_NV_shader_thread_group GL_NV_shader_thread_shuffle GL_KHR_blend_equation_advanced GL_KHR_blend_equation_advanced_coherent GL_OVR_multiview GL_OVR_multiview2 GL_SGIS_generate_mipmap GL_SGIS_texture_lod GL_SGIX_depth_texture GL_SGIX_shadow GL_SUN_slice_accum
OPENGL LOG: Creating OpenGL 4.2 graphics device ; Context level  <OpenGL 4.2> ; Context handle 16910920
ALSA lib confmisc.c:768:(parse_card) cannot find card '0'
ALSA lib conf.c:4292:(_snd_config_evaluate) function snd_func_card_driver returned error: No such file or directory
ALSA lib confmisc.c:392:(snd_func_concat) error evaluating strings
ALSA lib conf.c:4292:(_snd_config_evaluate) function snd_func_concat returned error: No such file or directory
ALSA lib confmisc.c:1251:(snd_func_refer) error evaluating name
ALSA lib conf.c:4292:(_snd_config_evaluate) function snd_func_refer returned error: No such file or directory
ALSA lib conf.c:4771:(snd_config_expand) Evaluate error: No such file or directory
ALSA lib pcm.c:2266:(snd_pcm_open_noupdate) Unknown PCM default
FMOD failed to initialize the output device.: "Error initializing output device. " (60)

Forced to initialize FMOD to to the device driver's system output rate 48000, this may impact performance and/or give inconsistent experiences compared to selected sample rate 48000

ALSA lib confmisc.c:768:(parse_card) cannot find card '0'
ALSA lib conf.c:4292:(_snd_config_evaluate) function snd_func_card_driver returned error: No such file or directory
ALSA lib confmisc.c:392:(snd_func_concat) error evaluating strings
ALSA lib conf.c:4292:(_snd_config_evaluate) function snd_func_concat returned error: No such file or directory
ALSA lib confmisc.c:1251:(snd_func_refer) error evaluating name
ALSA lib conf.c:4292:(_snd_config_evaluate) function snd_func_refer returned error: No such file or directory
ALSA lib conf.c:4771:(snd_config_expand) Evaluate error: No such file or directory
ALSA lib pcm.c:2266:(snd_pcm_open_noupdate) Unknown PCM default
FMOD failed to initialize the output device.: "Error initializing output device. " (60)

FMOD failed to initialize any audio devices, running on emulated software output with no sound. Please check your audio drivers and/or hardware for malfunction.
Begin MonoManager ReloadAssembly
- Completed reload, in  0.081 seconds
XRGeneral Settings awakening...

Default vsync count 0
requesting resize 256 x 256
resizing window to 256 x 256
Desktop is 2560 x 1600 @ 60 Hz
UnloadTime: 1.211969 ms
Setting up 8 worker threads for Enlighten.
  Thread -> id: 7f6beadfd700 -> priority: 1 
  Thread -> id: 7f6bea5fc700 -> priority: 1 
  Thread -> id: 7f6be9dfb700 -> priority: 1 
  Thread -> id: 7f6be95fa700 -> priority: 1 
  Thread -> id: 7f6be8df9700 -> priority: 1 
  Thread -> id: 7f6bdffff700 -> priority: 1 
  Thread -> id: 7f6bdf7fe700 -> priority: 1 
  Thread -> id: 7f6bdeffd700 -> priority: 1 
requesting resize 256 x 256
resizing window to 256 x 256
Desktop is 2560 x 1600 @ 60 Hz
requesting resize 128 x 128
resizing window to 128 x 128
Desktop is 2560 x 1600 @ 60 Hz
ERROR: Shader Hidden/PostProcessing/Debug/Waveform shader is not supported on this GPU (none of subshaders/fallbacks are suitable)
ERROR: Shader Hidden/PostProcessing/Debug/LightMeter shader is not supported on this GPU (none of subshaders/fallbacks are suitable)
ERROR: Shader Hidden/PostProcessing/MultiScaleVO shader is not supported on this GPU (none of subshaders/fallbacks are suitable)
ERROR: Shader Hidden/PostProcessing/Debug/Vectorscope shader is not supported on this GPU (none of subshaders/fallbacks are suitable)
ERROR: Shader Hidden/PostProcessing/Debug/Histogram shader is not supported on this GPU (none of subshaders/fallbacks are suitable)
ERROR: Shader Hidden/PostProcessing/ScreenSpaceReflections shader is not supported on this GPU (none of subshaders/fallbacks are suitable)
/proc/self/maps:
00200000-00201000 r--p 00000000 ca:02 12297674                           /TDW/TDW.x86_64
00201000-00202000 r-xp 00001000 ca:02 12297674                           /TDW/TDW.x86_64
00202000-00203000 r--p 00002000 ca:02 12297674                           /TDW/TDW.x86_64
00203000-00204000 rw-p 00003000 ca:02 12297674                           /TDW/TDW.x86_64
00d2b000-033ac000 rw-p 00000000 00:00 0                                  [heap]
40808000-408b7000 rw-p 00000000 00:00 0 
40c5d000-40c6d000 rwxp 00000000 00:00 0 
4108f000-4113e000 rw-p 00000000 00:00 0 
41682000-41684000 r-xs 00000000 00:05 1108176276                         /memfd:/.glXXXXXX (deleted)
41bab000-41d61000 rwxp 00000000 00:00 0 
7f6a70000000-7f6a74600000 rw-p 00000000 00:00 0 
7f6a74600000-7f6a80000000 ---p 00000000 00:00 0 
7f6a80000000-7f6a84000000 rw-p 00000000 00:00 0 
7f6a84000000-7f6a90000000 ---p 00000000 00:00 0 
7f6a90000000-7f6aa0000000 rw-p 00000000 00:00 0 
7f6aa0000000-7f6ab0000000 rw-p 00000000 00:00 0 
7f6ab0000000-7f6ab0001000 rw-p 00000000 00:00 0 
7f6ab0001000-7f6abe93d000 ---p 00000000 00:00 0 
7f6abe93d000-7f6ac0000000 ---p 00000000 00:00 0 
7f6ac4000000-7f6ac56a3000 rw-p 00000000 00:00 0 
7f6ac56a3000-7f6ac8000000 ---p 00000000 00:00 0 
7f6ac8000000-7f6ac8021000 rw-p 00000000 00:00 0 
7f6ac8021000-7f6acc000000 ---p 00000000 00:00 0 
7f6acc000000-7f6acfffe000 rw-p 00000000 00:00 0 
7f6acfffe000-7f6ad0000000 ---p 00000000 00:00 0 
7f6ad0000000-7f6ad3f56000 rw-p 00000000 00:00 0 
7f6ad3f56000-7f6ad4000000 ---p 00000000 00:00 0 
7f6ad4000000-7f6ad7fd5000 rw-p 00000000 00:00 0 
7f6ad7fd5000-7f6ad8000000 ---p 00000000 00:00 0 
7f6ad8000000-7f6adbf27000 rw-p 00000000 00:00 0 
7f6adbf27000-7f6adc000000 ---p 00000000 00:00 0 
7f6adc000000-7f6adffe3000 rw-p 00000000 00:00 0 
7f6adffe3000-7f6ae0000000 ---p 00000000 00:00 0 
7f6ae0000000-7f6af0000000 rw-p 00000000 00:00 0 
7f6af0000000-7f6af0001000 rw-p 00000000 00:00 0 
7f6af0001000-7f6af145a000 ---p 00000000 00:00 0 
7f6af145a000-7f6b00000000 ---p 00000000 00:00 0 
7f6b00000000-7f6b03fc9000 rw-p 00000000 00:00 0 
7f6b03fc9000-7f6b04000000 ---p 00000000 00:00 0 
7f6b05bf7000-7f6b08000000 rw-p 00000000 00:00 0 
7f6b08000000-7f6b0bf12000 rw-p 00000000 00:00 0 
7f6b0bf12000-7f6b0c000000 ---p 00000000 00:00 0 
7f6b0c000000-7f6b0c02a000 rw-p 00000000 00:00 0 
7f6b0c02a000-7f6b10000000 ---p 00000000 00:00 0 
7f6b100e3000-7f6b11cea000 rw-p 00000000 00:00 0 
7f6b11cea000-7f6b120ea000 rw-s 00000000 00:06 420                        /dev/nvidiactl
7f6b120ea000-7f6b137ff000 rw-p 00000000 00:00 0 
7f6b137ff000-7f6b13bff000 rw-s 00000000 00:06 420                        /dev/nvidiactl
7f6b13bff000-7f6b14000000 rw-p 00000000 00:00 0 
7f6b14000000-7f6b1402a000 rw-p 00000000 00:00 0 
7f6b1402a000-7f6b18000000 ---p 00000000 00:00 0 
7f6b18000000-7f6b1802a000 rw-p 00000000 00:00 0 
7f6b1802a000-7f6b1c000000 ---p 00000000 00:00 0 
7f6b1c000000-7f6b1ff5c000 rw-p 00000000 00:00 0 
7f6b1ff5c000-7f6b20000000 ---p 00000000 00:00 0 
7f6b20000000-7f6b20133000 rw-p 00000000 00:00 0 
7f6b20133000-7f6b30000000 ---p 00000000 00:00 0 
7f6b30000000-7f6b30001000 rw-p 00000000 00:00 0 
7f6b30001000-7f6b32002000 ---p 00000000 00:00 0 
7f6b32002000-7f6b40000000 ---p 00000000 00:00 0 
7f6b40000000-7f6b40100000 rw-p 00000000 00:00 0 
7f6b40100000-7f6b50000000 ---p 00000000 00:00 0 
7f6b50000000-7f6b53fee000 rw-p 00000000 00:00 0 
7f6b53fee000-7f6b54000000 ---p 00000000 00:00 0 
7f6b5410e000-7f6b544fd000 rw-p 00000000 00:00 0 
7f6b544fd000-7f6b545fd000 rw-s 00000000 00:06 420                        /dev/nvidiactl
7f6b545fd000-7f6b546fd000 rw-s 00000000 00:06 420                        /dev/nvidiactl
7f6b546fd000-7f6b547fd000 rw-s 00000000 00:06 420                        /dev/nvidiactl
7f6b547fd000-7f6b548fd000 rw-s 00000000 00:06 420                        /dev/nvidiactl
7f6b548fd000-7f6b549fd000 rw-s 00000000 00:06 420                        /dev/nvidiactl
7f6b549fd000-7f6b54afd000 rw-s 00000000 00:06 420                        /dev/nvidiactl
7f6b54afd000-7f6b54dfe000 rw-p 00000000 00:00 0 
7f6b54dfe000-7f6b54efe000 rw-s 00000000 00:06 420                        /dev/nvidiactl
7f6b54efe000-7f6b54ffe000 rw-s 00000000 00:06 420                        /dev/nvidiactl
7f6b54ffe000-7f6b550fe000 rw-s 00000000 00:06 420                        /dev/nvidiactl
7f6b550fe000-7f6b551fe000 rw-s 00000000 00:06 420                        /dev/nvidiactl
7f6b551fe000-7f6b552fe000 rw-s 00000000 00:06 420                        /dev/nvidiactl
7f6b552fe000-7f6b553fe000 rw-s 00000000 00:06 420                        /dev/nvidiactl
7f6b553fe000-7f6b554fe000 rw-s 00000000 00:06 420                        /dev/nvidiactl
7f6b554fe000-7f6b555fe000 rw-s 00000000 00:06 420                        /dev/nvidiactl
7f6b555fe000-7f6b556fe000 rw-s 00000000 00:06 420                        /dev/nvidiactl
7f6b556fe000-7f6b557fe000 rw-s 00000000 00:06 420                        /dev/nvidiactl
7f6b557fe000-7f6b558fe000 rw-s 00000000 00:06 420                        /dev/nvidiactl
7f6b558fe000-7f6b559fe000 rw-s 00000000 00:06 420                        /dev/nvidiactl
7f6b559fe000-7f6b55afe000 rw-s 00000000 00:06 420                        /dev/nvidiactl
7f6b55afe000-7f6b55bfe000 rw-s 00000000 00:06 420                        /dev/nvidiactl
7f6b55bfe000-7f6b55cfe000 rw-s 00000000 00:06 420                        /dev/nvidiactl
7f6b55cfe000-7f6b55fff000 rw-p 00000000 00:00 0 
7f6b55fff000-7f6b560ff000 rw-s 00000000 00:06 420                        /dev/nvidiactl
7f6b560ff000-7f6b561ff000 rw-s 00000000 00:06 420                        /dev/nvidiactl
7f6b561ff000-7f6b562ff000 rw-s 00000000 00:06 420                        /dev/nvidiactl
7f6b562ff000-7f6b563ff000 rw-s 00000000 00:06 420                        /dev/nvidiactl
7f6b563ff000-7f6b564ff000 rw-s 00000000 00:06 420                        /dev/nvidiactl
7f6b564ff000-7f6b565ff000 rw-s 00000000 00:06 420                        /dev/nvidiactl
7f6b565ff000-7f6b566ff000 rw-s 00000000 00:06 420                        /dev/nvidiactl
7f6b566ff000-7f6b567ff000 rw-s 00000000 00:06 420                        /dev/nvidiactl
7f6b567ff000-7f6b58000000 rw-p 00000000 00:00 0 
7f6b58000000-7f6b58021000 rw-p 00000000 00:00 0 
7f6b58021000-7f6b5c000000 ---p 00000000 00:00 0 
7f6b5c000000-7f6b5c029000 rw-p 00000000 00:00 0 
7f6b5c029000-7f6b60000000 ---p 00000000 00:00 0 
7f6b60000000-7f6b60021000 rw-p 00000000 00:00 0 
7f6b60021000-7f6b64000000 ---p 00000000 00:00 0 
7f6b64000000-7f6b64088000 rw-p 00000000 00:00 0 
7f6b64088000-7f6b68000000 ---p 00000000 00:00 0 
7f6b68000000-7f6b68021000 rw-p 00000000 00:00 0 
7f6b68021000-7f6b6c000000 ---p 00000000 00:00 0 
7f6b6c000000-7f6b6c021000 rw-p 00000000 00:00 0 
7f6b6c021000-7f6b70000000 ---p 00000000 00:00 0 
7f6b70000000-7f6b70021000 rw-p 00000000 00:00 0 
7f6b70021000-7f6b74000000 ---p 00000000 00:00 0 
7f6b74000000-7f6b74027000 rw-p 00000000 00:00 0 
7f6b74027000-7f6b78000000 ---p 00000000 00:00 0 
7f6b78000000-7f6b780a0000 rw-p 00000000 00:00 0 
7f6b780a0000-7f6b7c000000 ---p 00000000 00:00 0 
7f6b7c000000-7f6b7c021000 rw-p 00000000 00:00 0 
7f6b7c021000-7f6b80000000 ---p 00000000 00:00 0 
7f6b80000000-7f6b90000000 rw-p 00000000 00:00 0 
7f6b90000000-7f6b93000000 rw-p 00000000 00:00 0 
7f6b93000000-7f6b95000000 ---p 00000000 00:00 0 
7f6b95000000-7f6b96000000 rw-p 00000000 00:00 0 
7f6b96000000-7f6b98000000 ---p 00000000 00:00 0 
7f6b98000000-7f6b99000000 rw-p 00000000 00:00 0 
7f6b99000000-7f6b9c000000 ---p 00000000 00:00 0 
7f6b9c000000-7f6ba0000000 rw-p 00000000 00:00 0 
7f6ba0000000-7f6bb0000000 rw-p 00000000 00:00 0 
7f6bb0000000-7f6bc0000000 rw-p 00000000 00:00 0 
7f6bc0000000-7f6bc3fff000 rw-p 00000000 00:00 0 
7f6bc3fff000-7f6bc4000000 ---p 00000000 00:00 0 
7f6bc8000000-7f6bcbffb000 rw-p 00000000 00:00 0 
7f6bcbffb000-7f6bcc000000 ---p 00000000 00:00 0 
7f6bcf4e3000-7f6bcf6f3000 rw-p 00000000 00:00 0 
7f6bcf6f3000-7f6bcf8f3000 rw-s 00000000 00:06 420                        /dev/nvidiactl
7f6bcf8f3000-7f6bd00f5000 rw-p 00000000 00:00 0 
7f6bd00f5000-7f6bd01f5000 rw-s 00000000 00:06 420                        /dev/nvidiactl
7f6bd01f5000-7f6bd02f5000 rw-s 00000000 00:06 420                        /dev/nvidiactl
7f6bd02f5000-7f6bd06f5000 rw-s 00000000 00:06 420                        /dev/nvidiactl
7f6bd06f5000-7f6bd0af5000 rw-s 00000000 00:06 420                        /dev/nvidiactl
7f6bd0af5000-7f6bd0ef5000 rw-s 00000000 00:06 420                        /dev/nvidiactl
7f6bd0ef5000-7f6bd37ff000 rw-p 00000000 00:00 0 
7f6bd37ff000-7f6bd3800000 ---p 00000000 00:00 0 
7f6bd3800000-7f6bd4000000 rw-p 00000000 00:00 0 
7f6bd4000000-7f6bd403d000 rw-p 00000000 00:00 0 
7f6bd403d000-7f6bd8000000 ---p 00000000 00:00 0 
7f6bd8000000-7f6bd8021000 rw-p 00000000 00:00 0 
7f6bd8021000-7f6bdc000000 ---p 00000000 00:00 0 
7f6bdc087000-7f6bdc789000 rw-p 00000000 00:00 0 
7f6bdc789000-7f6bdc7a0000 r-xp 00000000 ca:02 12288956                   /lib/x86_64-linux-gnu/libresolv-2.23.so
7f6bdc7a0000-7f6bdc9a0000 ---p 00017000 ca:02 12288956                   /lib/x86_64-linux-gnu/libresolv-2.23.so
7f6bdc9a0000-7f6bdc9a1000 r--p 00017000 ca:02 12288956                   /lib/x86_64-linux-gnu/libresolv-2.23.so
7f6bdc9a1000-7f6bdc9a2000 rw-p 00018000 ca:02 12288956                   /lib/x86_64-linux-gnu/libresolv-2.23.so
7f6bdc9a2000-7f6bdc9a4000 rw-p 00000000 00:00 0 
7f6bdc9a4000-7f6bdc9a9000 r-xp 00000000 ca:02 12288931                   /lib/x86_64-linux-gnu/libnss_dns-2.23.so
7f6bdc9a9000-7f6bdcba9000 ---p 00005000 ca:02 12288931                   /lib/x86_64-linux-gnu/libnss_dns-2.23.so
7f6bdcba9000-7f6bdcbaa000 r--p 00005000 ca:02 12288931                   /lib/x86_64-linux-gnu/libnss_dns-2.23.so
7f6bdcbaa000-7f6bdcbab000 rw-p 00006000 ca:02 12288931                   /lib/x86_64-linux-gnu/libnss_dns-2.23.so
7f6bdcbab000-7f6bdcbac000 ---p 00000000 00:00 0 
7f6bdcbac000-7f6bdd5a3000 rw-p 00000000 00:00 0 
7f6bdd5a3000-7f6bdd7a0000 r--p 00000000 ca:02 12297696                   /TDW/TDW_Data/Managed/System.Data.dll
7f6bdd7a0000-7f6bdd7a9000 ---p 00000000 00:00 0 
7f6bdd7a9000-7f6bdd9a1000 rw-p 00000000 00:00 0 
7f6bdd9a1000-7f6bdd9aa000 ---p 00000000 00:00 0 
7f6bdd9aa000-7f6bddba2000 rw-p 00000000 00:00 0 
7f6bddba2000-7f6bddbab000 ---p 00000000 00:00 0 
7f6bddbab000-7f6bddda3000 rw-p 00000000 00:00 0 
7f6bddda3000-7f6bdddac000 ---p 00000000 00:00 0 
7f6bdddac000-7f6bddfa4000 rw-p 00000000 00:00 0 
7f6bddfa4000-7f6bddfad000 ---p 00000000 00:00 0 
7f6bddfad000-7f6bde1a5000 rw-p 00000000 00:00 0 
7f6bde1a5000-7f6bde1ae000 ---p 00000000 00:00 0 
7f6bde1ae000-7f6bde3a6000 rw-p 00000000 00:00 0 
7f6bde3a6000-7f6bde3bf000 r-xp 00000000 ca:02 12288983                   /lib/x86_64-linux-gnu/libz.so.1.2.8
7f6bde3bf000-7f6bde5be000 ---p 00019000 ca:02 12288983                   /lib/x86_64-linux-gnu/libz.so.1.2.8
7f6bde5be000-7f6bde5bf000 r--p 00018000 ca:02 12288983                   /lib/x86_64-linux-gnu/libz.so.1.2.8
7f6bde5bf000-7f6bde5c0000 rw-p 00019000 ca:02 12288983                   /lib/x86_64-linux-gnu/libz.so.1.2.8
7f6bde5c0000-7f6bde5fb000 r-xp 00000000 ca:02 12297832                   /TDW/TDW_Data/MonoBleedingEdge/x86_64/libMonoPosixHelper.so
7f6bde5fb000-7f6bde7fa000 ---p 0003b000 ca:02 12297832                   /TDW/TDW_Data/MonoBleedingEdge/x86_64/libMonoPosixHelper.so
7f6bde7fa000-7f6bde7fb000 r--p 0003a000 ca:02 12297832                   /TDW/TDW_Data/MonoBleedingEdge/x86_64/libMonoPosixHelper.so
7f6bde7fb000-7f6bde7fc000 rw-p 0003b000 ca:02 12297832                   /TDW/TDW_Data/MonoBleedingEdge/x86_64/libMonoPosixHelper.so
7f6bde7fc000-7f6bde7fd000 rw-p 00000000 00:00 0 
7f6bde7fd000-7f6bde7fe000 ---p 00000000 00:00 0 
7f6bde7fe000-7f6bdeffe000 rw-p 00000000 00:00 0 
7f6bdeffe000-7f6bdefff000 ---p 00000000 00:00 0 
7f6bdefff000-7f6bdf7ff000 rw-p 00000000 00:00 0 
7f6bdf7ff000-7f6bdf800000 ---p 00000000 00:00 0 
7f6bdf800000-7f6be0000000 rw-p 00000000 00:00 0 
7f6be0000000-7f6be0178000 rw-p 00000000 00:00 0 
7f6be0178000-7f6be4000000 ---p 00000000 00:00 0 
7f6be4000000-7f6be40a5000 rw-p 00000000 00:00 0 
7f6be40a5000-7f6be8000000 ---p 00000000 00:00 0 
7f6be806b000-7f6be8104000 rw-p 00000000 00:00 0 
7f6be8104000-7f6be8114000 rwxp 00000000 00:00 0 
7f6be8114000-7f6be81f7000 r--p 00000000 ca:02 12297709                   /TDW/TDW_Data/Managed/System.Runtime.Serialization.dll
7f6be81f7000-7f6be8200000 ---p 00000000 00:00 0 
7f6be8200000-7f6be83f8000 rw-p 00000000 00:00 0 
7f6be83f8000-7f6be8401000 ---p 00000000 00:00 0 
7f6be8401000-7f6be85f9000 rw-p 00000000 00:00 0 
7f6be85f9000-7f6be85fa000 ---p 00000000 00:00 0 
7f6be85fa000-7f6be8dfa000 rw-p 00000000 00:00 0 
7f6be8dfa000-7f6be8dfb000 ---p 00000000 00:00 0 
7f6be8dfb000-7f6be95fb000 rw-p 00000000 00:00 0 
7f6be95fb000-7f6be95fc000 ---p 00000000 00:00 0 
7f6be95fc000-7f6be9dfc000 rw-p 00000000 00:00 0 
7f6be9dfc000-7f6be9dfd000 ---p 00000000 00:00 0 
7f6be9dfd000-7f6bea5fd000 rw-p 00000000 00:00 0 
7f6bea5fd000-7f6bea5fe000 ---p 00000000 00:00 0 
7f6bea5fe000-7f6beadfe000 rw-p 00000000 00:00 0 
7f6beadfe000-7f6beadff000 ---p 00000000 00:00 0 
7f6beadff000-7f6beb5ff000 rw-p 00000000 00:00 0 
7f6beb5ff000-7f6beb608000 ---p 00000000 00:00 0 
7f6beb608000-7f6beb800000 rw-p 00000000 00:00 0 
7f6beb84b000-7f6bebe00000 rw-p 00000000 00:00 0 
7f6bebe00000-7f6bec000000 rw-s 00000000 00:06 420                        /dev/nvidiactl
7f6bec000000-7f6beffc1000 rw-p 00000000 00:00 0 
7f6beffc1000-7f6bf0000000 ---p 00000000 00:00 0 
7f6bf0000000-7f6bf2000000 rw-p 00000000 00:00 0 
7f6bf2000000-7f6c00000000 ---p 00000000 00:00 0 
7f6c00000000-7f6c02000000 rw-p 00000000 00:00 0 
7f6c02000000-7f6c10000000 ---p 00000000 00:00 0 
7f6c1000a000-7f6c1007d000 rw-p 00000000 00:00 0 
7f6c1007d000-7f6c1037c000 r--p 00000000 ca:02 12297721                   /TDW/TDW_Data/Managed/System.Xml.dll
7f6c1037c000-7f6c1057c000 rw-s 00000000 00:06 420                        /dev/nvidiactl
7f6c1057c000-7f6c1067c000 rw-s 00000000 00:06 420                        /dev/nvidiactl
7f6c1067c000-7f6c1087c000 rw-s 00000000 00:06 420                        /dev/nvidiactl
7f6c1087c000-7f6c10c71000 rw-p 00000000 00:00 0 
7f6c10c71000-7f6c10e71000 rw-s 00000000 00:06 420                        /dev/nvidiactl
7f6c10e71000-7f6c10f71000 rw-s 00000000 00:06 420                        /dev/nvidiactl
7f6c10f71000-7f6c10f7a000 ---p 00000000 00:00 0 
7f6c10f7a000-7f6c10ff2000 rw-p 00000000 00:00 0 
7f6c10ff2000-7f6c10ff3000 ---p 00000000 00:00 0 
7f6c10ff3000-7f6c117f3000 rw-p 00000000 00:00 0 
7f6c117f3000-7f6c117f4000 ---p 00000000 00:00 0 
7f6c117f4000-7f6c11ff4000 rw-p 00000000 00:00 0 
7f6c11ff4000-7f6c11ff5000 ---p 00000000 00:00 0 
7f6c11ff5000-7f6c127f5000 rw-p 00000000 00:00 0 
7f6c127f5000-7f6c127f6000 ---p 00000000 00:00 0 
7f6c127f6000-7f6c12ff6000 rw-p 00000000 00:00 0 
7f6c12ff6000-7f6c12ff7000 ---p 00000000 00:00 0 
7f6c12ff7000-7f6c137f7000 rw-p 00000000 00:00 0 
7f6c137f7000-7f6c137f8000 ---p 00000000 00:00 0 
7f6c137f8000-7f6c13ff8000 rw-p 00000000 00:00 0 
7f6c13ff8000-7f6c13ff9000 ---p 00000000 00:00 0 
7f6c13ff9000-7f6c147f9000 rw-p 00000000 00:00 0 
7f6c147f9000-7f6c147fa000 ---p 00000000 00:00 0 
7f6c147fa000-7f6c14ffa000 rw-p 00000000 00:00 0 
7f6c14ffa000-7f6c14ffb000 ---p 00000000 00:00 0 
7f6c14ffb000-7f6c157fb000 rw-p 00000000 00:00 0 
7f6c157fb000-7f6c157fc000 ---p 00000000 00:00 0 
7f6c157fc000-7f6c15ffc000 rw-p 00000000 00:00 0 
7f6c15ffc000-7f6c15ffd000 ---p 00000000 00:00 0 
7f6c15ffd000-7f6c167fd000 rw-p 00000000 00:00 0 
7f6c167fd000-7f6c167fe000 ---p 00000000 00:00 0 
7f6c167fe000-7f6c16ffe000 rw-p 00000000 00:00 0 
7f6c16ffe000-7f6c16fff000 ---p 00000000 00:00 0 
7f6c16fff000-7f6c177ff000 rw-p 00000000 00:00 0 
7f6c177ff000-7f6c17800000 ---p 00000000 00:00 0 
7f6c17800000-7f6c18000000 rw-p 00000000 00:00 0 
7f6c18000000-7f6c18021000 rw-p 00000000 00:00 0 
7f6c18021000-7f6c1c000000 ---p 00000000 00:00 0 
7f6c1c008000-7f6c1c024000 r--p 00000000 ca:02 12297706                   /TDW/TDW_Data/Managed/System.Numerics.dll
7f6c1c024000-7f6c1c058000 r--p 00000000 ca:02 12297684                   /TDW/TDW_Data/Managed/Mono.Posix.dll
7f6c1c058000-7f6c1c258000 rw-s 00000000 00:06 420                        /dev/nvidiactl
7f6c1c258000-7f6c1c4f8000 r--p 00000000 ca:02 12297722                   /TDW/TDW_Data/Managed/System.dll
7f6c1c4f8000-7f6c1c5f8000 r--p 00000000 ca:02 12297695                   /TDW/TDW_Data/Managed/System.Core.dll
7f6c1c5f8000-7f6c1c5f9000 ---p 00000000 00:00 0 
7f6c1c5f9000-7f6c1c6f9000 rw-p 00000000 00:00 0 
7f6c1c6fa000-7f6c1c76c000 rw-p 00000000 00:00 0 
7f6c1c76c000-7f6c1c7b8000 r--p 00000000 ca:02 12297685                   /TDW/TDW_Data/Managed/Mono.Security.dll
7f6c1c7b8000-7f6c1c7f9000 rw-p 00000000 00:00 0 
7f6c1c7f9000-7f6c1c7fa000 ---p 00000000 00:00 0 
7f6c1c7fa000-7f6c1cffa000 rw-p 00000000 00:00 0 
7f6c1cffa000-7f6c1cffb000 ---p 00000000 00:00 0 
7f6c1cffb000-7f6c1d7fb000 rw-p 00000000 00:00 0 
7f6c1d7fb000-7f6c1d7fc000 ---p 00000000 00:00 0 
7f6c1d7fc000-7f6c1dffc000 rw-p 00000000 00:00 0 
7f6c1dffc000-7f6c1dffd000 ---p 00000000 00:00 0 
7f6c1dffd000-7f6c1e7fd000 rw-p 00000000 00:00 0 
7f6c1e7fd000-7f6c1e7fe000 ---p 00000000 00:00 0 
7f6c1e7fe000-7f6c1effe000 rw-p 00000000 00:00 0 
7f6c1effe000-7f6c1efff000 ---p 00000000 00:00 0 
7f6c1efff000-7f6c1f7ff000 rw-p 00000000 00:00 0 
7f6c1f7ff000-7f6c1f800000 ---p 00000000 00:00 0 
7f6c1f800000-7f6c21000000 rw-p 00000000 00:00 0 
7f6c21000000-7f6c30000000 ---p 00000000 00:00 0 
7f6c30000000-7f6c31000000 rw-p 00000000 00:00 0 
7f6c31000000-7f6c40000000 ---p 00000000 00:00 0 
7f6c40000000-7f6c40800000 rw-p 00000000 00:00 0 
7f6c40800000-7f6c50000000 ---p 00000000 00:00 0 
7f6c50000000-7f6c60000000 rw-p 00000000 00:00 0 
7f6c60000000-7f6c60400000 rw-p 00000000 00:00 0 
7f6c60400000-7f6c60800000 ---p 00000000 00:00 0 
7f6c60800000-7f6c60840000 rw-p 00000000 00:00 0 
7f6c60840000-7f6c60880000 ---p 00000000 00:00 0 
7f6c60880000-7f6c608c0000 rw-p 00000000 00:00 0 
7f6c608c0000-7f6c60900000 ---p 00000000 00:00 0 
7f6c60900000-7f6c60940000 rw-p 00000000 00:00 0 
7f6c60940000-7f6c60980000 ---p 00000000 00:00 0 
7f6c60980000-7f6c609c0000 rw-p 00000000 00:00 0 
7f6c609c0000-7f6c60a00000 ---p 00000000 00:00 0 
7f6c60a00000-7f6c60a40000 rw-p 00000000 00:00 0 
7f6c60a40000-7f6c60a80000 ---p 00000000 00:00 0 
7f6c60a80000-7f6c60ac0000 rw-p 00000000 00:00 0 
7f6c60ac0000-7f6c60b00000 ---p 00000000 00:00 0 
7f6c60b00000-7f6c60b40000 rw-p 00000000 00:00 0 
7f6c60b40000-7f6c60b80000 ---p 00000000 00:00 0 
7f6c60b80000-7f6c60bc0000 rw-p 00000000 00:00 0 
7f6c60bc0000-7f6c60c00000 ---p 00000000 00:00 0 
7f6c60c00000-7f6c60c40000 rw-p 00000000 00:00 0 
7f6c60c40000-7f6c60c80000 ---p 00000000 00:00 0 
7f6c60c80000-7f6c60cc0000 rw-p 00000000 00:00 0 
7f6c60cc0000-7f6c60d00000 ---p 00000000 00:00 0 
7f6c60d00000-7f6c60d40000 rw-p 00000000 00:00 0 
7f6c60d40000-7f6c60d80000 ---p 00000000 00:00 0 
7f6c60d80000-7f6c60dc0000 rw-p 00000000 00:00 0 
7f6c60dc0000-7f6c60e00000 ---p 00000000 00:00 0 
7f6c60e00000-7f6c60e40000 rw-p 00000000 00:00 0 
7f6c60e40000-7f6c60e80000 ---p 00000000 00:00 0 
7f6c60e80000-7f6c60ec0000 rw-p 00000000 00:00 0 
7f6c60ec0000-7f6c60f00000 ---p 00000000 00:00 0 
7f6c60f00000-7f6c60f40000 rw-p 00000000 00:00 0 
7f6c60f40000-7f6c60f80000 ---p 00000000 00:00 0 
7f6c60f80000-7f6c60f88000 rw-p 00000000 00:00 0 
7f6c60f88000-7f6c60f90000 ---p 00000000 00:00 0 
7f6c60f90000-7f6c60f98000 rw-p 00000000 00:00 0 
7f6c60f98000-7f6c60fa0000 ---p 00000000 00:00 0 
7f6c60fa0000-7f6c60fa8000 rw-p 00000000 00:00 0 
7f6c60fa8000-7f6c60fb0000 ---p 00000000 00:00 0 
7f6c60fb0000-7f6c60fb8000 rw-p 00000000 00:00 0 
7f6c60fb8000-7f6c60fc0000 ---p 00000000 00:00 0 
7f6c60fc0000-7f6c60fc8000 rw-p 00000000 00:00 0 
7f6c60fc8000-7f6c60fd0000 ---p 00000000 00:00 0 
7f6c60fd0000-7f6c60fd8000 rw-p 00000000 00:00 0 
7f6c60fd8000-7f6c60fe0000 ---p 00000000 00:00 0 
7f6c60fe0000-7f6c60fe8000 rw-p 00000000 00:00 0 
7f6c60fe8000-7f6c60ff0000 ---p 00000000 00:00 0 
7f6c60ff0000-7f6c60ff8000 rw-p 00000000 00:00 0 
7f6c60ff8000-7f6c61000000 ---p 00000000 00:00 0 
7f6c61000000-7f6c61008000 rw-p 00000000 00:00 0 
7f6c61008000-7f6c61010000 ---p 00000000 00:00 0 
7f6c61010000-7f6c61018000 rw-p 00000000 00:00 0 
7f6c61018000-7f6c61020000 ---p 00000000 00:00 0 
7f6c61020000-7f6c61028000 rw-p 00000000 00:00 0 
7f6c61028000-7f6c61030000 ---p 00000000 00:00 0 
7f6c61030000-7f6c61038000 rw-p 00000000 00:00 0 
7f6c61038000-7f6c61040000 ---p 00000000 00:00 0 
7f6c61040000-7f6c61048000 rw-p 00000000 00:00 0 
7f6c61048000-7f6c61050000 ---p 00000000 00:00 0 
7f6c61050000-7f6c61058000 rw-p 00000000 00:00 0 
7f6c61058000-7f6c61060000 ---p 00000000 00:00 0 
7f6c61060000-7f6c61068000 rw-p 00000000 00:00 0 
7f6c61068000-7f6c61070000 ---p 00000000 00:00 0 
7f6c61070000-7f6c61078000 rw-p 00000000 00:00 0 
7f6c61078000-7f6c61080000 ---p 00000000 00:00 0 
7f6c61080000-7f6c610a0000 rw-p 00000000 00:00 0 
7f6c610a0000-7f6c610e0000 rw-p 00000000 00:00 0 
7f6c610e0000-7f6c61120000 ---p 00000000 00:00 0 
7f6c61120000-7f6c6119a000 rw-p 00000000 00:00 0 
7f6c6119a000-7f6c611a0000 ---p 00000000 00:00 0 
7f6c611a0000-7f6c611b0000 rw-p 00000000 00:00 0 
7f6c611b0000-7f6c611c0000 ---p 00000000 00:00 0 
7f6c611c0000-7f6c611d0000 rw-p 00000000 00:00 0 
7f6c611d0000-7f6c611e0000 ---p 00000000 00:00 0 
7f6c611e0000-7f6c611f0000 rw-p 00000000 00:00 0 
7f6c611f0000-7f6c61200000 ---p 00000000 00:00 0 
7f6c61200000-7f6c61210000 rw-p 00000000 00:00 0 
7f6c61210000-7f6c61220000 ---p 00000000 00:00 0 
7f6c61220000-7f6c61230000 rw-p 00000000 00:00 0 
7f6c61230000-7f6c61240000 ---p 00000000 00:00 0 
7f6c61240000-7f6c61250000 rw-p 00000000 00:00 0 
7f6c61250000-7f6c61260000 ---p 00000000 00:00 0 
7f6c61260000-7f6c61270000 rw-p 00000000 00:00 0 
7f6c61270000-7f6c61280000 ---p 00000000 00:00 0 
7f6c61280000-7f6c61290000 rw-p 00000000 00:00 0 
7f6c61290000-7f6c612a0000 ---p 00000000 00:00 0 
7f6c612a0000-7f6c612b0000 ---p 00000000 00:00 0 
7f6c612b0000-7f6c612c0000 ---p 00000000 00:00 0 
7f6c612c0000-7f6c612d0000 ---p 00000000 00:00 0 
7f6c612d0000-7f6c70000000 ---p 00000000 00:00 0 
7f6c70000000-7f6c70401000 rw-p 00000000 00:00 0 
7f6c70401000-7f6c80000000 ---p 00000000 00:00 0 
7f6c80000000-7f6c80c02000 rw-p 00000000 00:00 0 
7f6c80c02000-7f6c80e02000 ---p 00000000 00:00 0 
7f6c80e02000-7f6c84b02000 rw-p 00000000 00:00 0 
7f6c84b02000-7f6c90000000 ---p 00000000 00:00 0 
7f6c90000000-7f6c90d02000 rw-p 00000000 00:00 0 
7f6c90d02000-7f6ca0000000 ---p 00000000 00:00 0 
7f6ca0000000-7f6ca0102000 rw-p 00000000 00:00 0 
7f6ca0102000-7f6cb0000000 ---p 00000000 00:00 0 
7f6cb0000000-7f6cb0102000 rw-p 00000000 00:00 0 
7f6cb0102000-7f6cc0000000 ---p 00000000 00:00 0 
7f6cc0000000-7f6cc0100000 rw-p 00000000 00:00 0 
7f6cc0100000-7f6cd0000000 ---p 00000000 00:00 0 
7f6cd0002000-7f6cd0086000 rw-p 00000000 00:00 0 
7f6cd0086000-7f6cd0087000 ---p 00000000 00:00 0 
7f6cd0087000-7f6cd00a7000 rw-p 00000000 00:00 0 
7f6cd00a7000-7f6cd00ba000 rw-s 00000000 00:06 420                        /dev/nvidiactl
7f6cd00ba000-7f6cd00fa000 rw-s 00000000 00:06 420                        /dev/nvidiactl
7f6cd00fa000-7f6cd011a000 rw-s 00000000 00:06 420                        /dev/nvidiactl
7f6cd011a000-7f6cd015a000 rw-s 00000000 00:06 420                        /dev/nvidiactl
7f6cd015a000-7f6cd017a000 rw-s 00000000 00:06 420                        /dev/nvidiactl
7f6cd017a000-7f6cd01ba000 rw-s 00000000 00:06 420                        /dev/nvidiactl
7f6cd01bb000-7f6cd01da000 r--p 00000000 ca:02 12297694                   /TDW/TDW_Data/Managed/System.Configuration.dll
7f6cd01da000-7f6cd01db000 ---p 00000000 00:00 0 
7f6cd01db000-7f6cd09db000 rw-p 00000000 00:00 0 
7f6cd09db000-7f6cd09dc000 ---p 00000000 00:00 0 
7f6cd09dc000-7f6cd11dc000 rw-p 00000000 00:00 0 
7f6cd11dc000-7f6cd11dd000 ---p 00000000 00:00 0 
7f6cd11dd000-7f6cd19dd000 rw-p 00000000 00:00 0 
7f6cd19dd000-7f6cd19de000 ---p 00000000 00:00 0 
7f6cd19de000-7f6cd21de000 rw-p 00000000 00:00 0 
7f6cd21de000-7f6cd21df000 ---p 00000000 00:00 0 
7f6cd21df000-7f6cd29df000 rw-p 00000000 00:00 0 
7f6cd29df000-7f6cd29e0000 ---p 00000000 00:00 0 
7f6cd29e0000-7f6cd31e0000 rw-p 00000000 00:00 0 
7f6cd31e0000-7f6cd31e1000 ---p 00000000 00:00 0 
7f6cd31e1000-7f6cd39e1000 rw-p 00000000 00:00 0 
7f6cd39e1000-7f6cd39e2000 ---p 00000000 00:00 0 
7f6cd39e2000-7f6cd41e2000 rw-p 00000000 00:00 0 
7f6cd41e2000-7f6cd41e3000 ---p 00000000 00:00 0 
7f6cd41e3000-7f6cd49e3000 rw-p 00000000 00:00 0 
7f6cd49e3000-7f6cd49e4000 ---p 00000000 00:00 0 
7f6cd49e4000-7f6cd51e4000 rw-p 00000000 00:00 0 
7f6cd51e4000-7f6cd51e5000 ---p 00000000 00:00 0 
7f6cd51e5000-7f6cd59e5000 rw-p 00000000 00:00 0 
7f6cd59e5000-7f6cd59e6000 ---p 00000000 00:00 0 
7f6cd59e6000-7f6cd61e6000 rw-p 00000000 00:00 0 
7f6cd61e6000-7f6cd61f1000 r-xp 00000000 ca:02 12288933                   /lib/x86_64-linux-gnu/libnss_files-2.23.so
7f6cd61f1000-7f6cd63f0000 ---p 0000b000 ca:02 12288933                   /lib/x86_64-linux-gnu/libnss_files-2.23.so
7f6cd63f0000-7f6cd63f1000 r--p 0000a000 ca:02 12288933                   /lib/x86_64-linux-gnu/libnss_files-2.23.so
7f6cd63f1000-7f6cd63f2000 rw-p 0000b000 ca:02 12288933                   /lib/x86_64-linux-gnu/libnss_files-2.23.so
7f6cd63f2000-7f6cd63f8000 rw-p 00000000 00:00 0 
7f6cd63f8000-7f6cd6403000 r-xp 00000000 ca:02 12288937                   /lib/x86_64-linux-gnu/libnss_nis-2.23.so
7f6cd6403000-7f6cd6602000 ---p 0000b000 ca:02 12288937                   /lib/x86_64-linux-gnu/libnss_nis-2.23.so
7f6cd6602000-7f6cd6603000 r--p 0000a000 ca:02 12288937                   /lib/x86_64-linux-gnu/libnss_nis-2.23.so
7f6cd6603000-7f6cd6604000 rw-p 0000b000 ca:02 12288937                   /lib/x86_64-linux-gnu/libnss_nis-2.23.so
7f6cd6604000-7f6cd661a000 r-xp 00000000 ca:02 12288927                   /lib/x86_64-linux-gnu/libnsl-2.23.so
7f6cd661a000-7f6cd6819000 ---p 00016000 ca:02 12288927                   /lib/x86_64-linux-gnu/libnsl-2.23.so
7f6cd6819000-7f6cd681a000 r--p 00015000 ca:02 12288927                   /lib/x86_64-linux-gnu/libnsl-2.23.so
7f6cd681a000-7f6cd681b000 rw-p 00016000 ca:02 12288927                   /lib/x86_64-linux-gnu/libnsl-2.23.so
7f6cd681b000-7f6cd681d000 rw-p 00000000 00:00 0 
7f6cd681d000-7f6cd6825000 r-xp 00000000 ca:02 12288929                   /lib/x86_64-linux-gnu/libnss_compat-2.23.so
7f6cd6825000-7f6cd6a24000 ---p 00008000 ca:02 12288929                   /lib/x86_64-linux-gnu/libnss_compat-2.23.so
7f6cd6a24000-7f6cd6a25000 r--p 00007000 ca:02 12288929                   /lib/x86_64-linux-gnu/libnss_compat-2.23.so
7f6cd6a25000-7f6cd6a26000 rw-p 00008000 ca:02 12288929                   /lib/x86_64-linux-gnu/libnss_compat-2.23.so
7f6cd6a26000-7f6cd6a2f000 ---p 00000000 00:00 0 
7f6cd6a2f000-7f6cd6c27000 rw-p 00000000 00:00 0 
7f6cd6c27000-7f6cd700a000 r--p 00000000 ca:02 12297800                   /TDW/TDW_Data/Managed/mscorlib.dll
7f6cd700a000-7f6cd700b000 rw-p 00000000 00:00 0 
7f6cd700b000-7f6cd706a000 ---p 00000000 00:00 0 
7f6cd706a000-7f6cd716a000 rw-p 00000000 00:00 0 
7f6cd716a000-7f6cd74c0000 r-xp 00000000 ca:02 12297833                   /TDW/TDW_Data/MonoBleedingEdge/x86_64/libmonobdwgc-2.0.so
7f6cd74c0000-7f6cd76c0000 ---p 00356000 ca:02 12297833                   /TDW/TDW_Data/MonoBleedingEdge/x86_64/libmonobdwgc-2.0.so
7f6cd76c0000-7f6cd76c7000 r--p 00356000 ca:02 12297833                   /TDW/TDW_Data/MonoBleedingEdge/x86_64/libmonobdwgc-2.0.so
7f6cd76c7000-7f6cd76ce000 rw-p 0035d000 ca:02 12297833                   /TDW/TDW_Data/MonoBleedingEdge/x86_64/libmonobdwgc-2.0.so
7f6cd76ce000-7f6cd78e9000 rw-p 00000000 00:00 0 
7f6cd78e9000-7f6cd7907000 r-xp 00000000 ca:02 12288975                   /lib/x86_64-linux-gnu/libudev.so.1.6.4
7f6cd7907000-7f6cd7908000 r--p 0001d000 ca:02 12288975                   /lib/x86_64-linux-gnu/libudev.so.1.6.4
7f6cd7908000-7f6cd7909000 rw-p 0001e000 ca:02 12288975                   /lib/x86_64-linux-gnu/libudev.so.1.6.4
7f6cd7909000-7f6cd7910000 r--s 00000000 ca:02 12289755                   /usr/lib/x86_64-linux-gnu/gconv/gconv-modules.cache
7f6cd7910000-7f6cd7915000 r-xp 00000000 ca:02 12555644                   /usr/lib/x86_64-linux-gnu/libxcb-sync.so.1.0.0
7f6cd7915000-7f6cd7b15000 ---p 00005000 ca:02 12555644                   /usr/lib/x86_64-linux-gnu/libxcb-sync.so.1.0.0
7f6cd7b15000-7f6cd7b16000 r--p 00005000 ca:02 12555644                   /usr/lib/x86_64-linux-gnu/libxcb-sync.so.1.0.0
7f6cd7b16000-7f6cd7b17000 rw-p 00006000 ca:02 12555644                   /usr/lib/x86_64-linux-gnu/libxcb-sync.so.1.0.0
7f6cd7b17000-7f6cd7b19000 r-xp 00000000 ca:02 12555636                   /usr/lib/x86_64-linux-gnu/libxcb-present.so.0.0.0
7f6cd7b19000-7f6cd7d18000 ---p 00002000 ca:02 12555636                   /usr/lib/x86_64-linux-gnu/libxcb-present.so.0.0.0
7f6cd7d18000-7f6cd7d19000 r--p 00001000 ca:02 12555636                   /usr/lib/x86_64-linux-gnu/libxcb-present.so.0.0.0
7f6cd7d19000-7f6cd7d1a000 rw-p 00002000 ca:02 12555636                   /usr/lib/x86_64-linux-gnu/libxcb-present.so.0.0.0
7f6cd7d1a000-7f6cd7d1c000 r-xp 00000000 ca:02 12555632                   /usr/lib/x86_64-linux-gnu/libxcb-dri3.so.0.0.0
7f6cd7d1c000-7f6cd7f1b000 ---p 00002000 ca:02 12555632                   /usr/lib/x86_64-linux-gnu/libxcb-dri3.so.0.0.0
7f6cd7f1b000-7f6cd7f1c000 r--p 00001000 ca:02 12555632                   /usr/lib/x86_64-linux-gnu/libxcb-dri3.so.0.0.0
7f6cd7f1c000-7f6cd7f1d000 rw-p 00002000 ca:02 12555632                   /usr/lib/x86_64-linux-gnu/libxcb-dri3.so.0.0.0
7f6cd7f1d000-7f6cd7f1e000 r-xp 00000000 ca:02 12555344                   /usr/lib/x86_64-linux-gnu/libX11-xcb.so.1.0.0
7f6cd7f1e000-7f6cd811d000 ---p 00001000 ca:02 12555344                   /usr/lib/x86_64-linux-gnu/libX11-xcb.so.1.0.0
7f6cd811d000-7f6cd811e000 r--p 00000000 ca:02 12555344                   /usr/lib/x86_64-linux-gnu/libX11-xcb.so.1.0.0
7f6cd811e000-7f6cd811f000 rw-p 00001000 ca:02 12555344                   /usr/lib/x86_64-linux-gnu/libX11-xcb.so.1.0.0
7f6cd811f000-7f6cd819f000 rw-s 00000000 00:06 420                        /dev/nvidiactl
7f6cd819f000-7f6cd829f000 rw-s 00000000 00:06 420                        /dev/nvidiactl
7f6cd829f000-7f6cd82b2000 rw-s 00000000 00:06 420                        /dev/nvidiactl
7f6cd82b2000-7f6cd82f2000 rw-s 00000000 00:06 420                        /dev/nvidiactl
7f6cd82f2000-7f6cd8312000 rw-s 00000000 00:06 420                        /dev/nvidiactl
7f6cd8312000-7f6cd8352000 rw-s 00000000 00:06 420                        /dev/nvidiactl
7f6cd8352000-7f6cd8392000 rw-s 00000000 00:06 420                        /dev/nvidiactl
7f6cd8392000-7f6cd83a9000 r-xp 00000000 ca:02 12555634                   /usr/lib/x86_64-linux-gnu/libxcb-glx.so.0.0.0
7f6cd83a9000-7f6cd85a8000 ---p 00017000 ca:02 12555634                   /usr/lib/x86_64-linux-gnu/libxcb-glx.so.0.0.0
7f6cd85a8000-7f6cd85aa000 r--p 00016000 ca:02 12555634                   /usr/lib/x86_64-linux-gnu/libxcb-glx.so.0.0.0
7f6cd85aa000-7f6cd85ab000 rw-p 00018000 ca:02 12555634                   /usr/lib/x86_64-linux-gnu/libxcb-glx.so.0.0.0
7f6cd85ab000-7f6cd98e6000 r-xp 00000000 ca:02 52297                      /usr/lib/x86_64-linux-gnu/libnvidia-glcore.so.450.51.06
7f6cd98e6000-7f6cd9907000 rwxp 0133b000 ca:02 52297                      /usr/lib/x86_64-linux-gnu/libnvidia-glcore.so.450.51.06
7f6cd9907000-7f6cd9e11000 r-xp 0135c000 ca:02 52297                      /usr/lib/x86_64-linux-gnu/libnvidia-glcore.so.450.51.06
7f6cd9e11000-7f6cda011000 ---p 01866000 ca:02 52297                      /usr/lib/x86_64-linux-gnu/libnvidia-glcore.so.450.51.06
7f6cda011000-7f6cda35e000 rw-p 01866000 ca:02 52297                      /usr/lib/x86_64-linux-gnu/libnvidia-glcore.so.450.51.06
7f6cda35e000-7f6cda37c000 rw-p 00000000 00:00 0 
7f6cda37c000-7f6cda37f000 r-xp 00000000 ca:02 52298                      /usr/lib/x86_64-linux-gnu/libnvidia-tls.so.450.51.06
7f6cda37f000-7f6cda57f000 ---p 00003000 ca:02 52298                      /usr/lib/x86_64-linux-gnu/libnvidia-tls.so.450.51.06
7f6cda57f000-7f6cda580000 rw-p 00003000 ca:02 52298                      /usr/lib/x86_64-linux-gnu/libnvidia-tls.so.450.51.06
7f6cda580000-7f6cda62a000 r-xp 00000000 ca:02 52326                      /usr/lib/x86_64-linux-gnu/libGLX_nvidia.so.450.51.06
7f6cda62a000-7f6cda65f000 rwxp 000aa000 ca:02 52326                      /usr/lib/x86_64-linux-gnu/libGLX_nvidia.so.450.51.06
7f6cda65f000-7f6cda66e000 r-xp 000df000 ca:02 52326                      /usr/lib/x86_64-linux-gnu/libGLX_nvidia.so.450.51.06
7f6cda66e000-7f6cda86d000 ---p 000ee000 ca:02 52326                      /usr/lib/x86_64-linux-gnu/libGLX_nvidia.so.450.51.06
7f6cda86d000-7f6cda891000 rw-p 000ed000 ca:02 52326                      /usr/lib/x86_64-linux-gnu/libGLX_nvidia.so.450.51.06
7f6cda891000-7f6cda893000 rw-p 00000000 00:00 0 
7f6cda893000-7f6cda8d7000 r-xp 00000000 ca:02 12294369                   /usr/local/lib/x86_64-linux-gnu/libGLdispatch.so.0.0.0
7f6cda8d7000-7f6cda8f1000 r-xp 00044000 ca:02 12294369                   /usr/local/lib/x86_64-linux-gnu/libGLdispatch.so.0.0.0
7f6cda8f1000-7f6cda905000 r-xp 0005e000 ca:02 12294369                   /usr/local/lib/x86_64-linux-gnu/libGLdispatch.so.0.0.0
7f6cda905000-7f6cdab04000 ---p 00072000 ca:02 12294369                   /usr/local/lib/x86_64-linux-gnu/libGLdispatch.so.0.0.0
7f6cdab04000-7f6cdab2d000 r--p 00071000 ca:02 12294369                   /usr/local/lib/x86_64-linux-gnu/libGLdispatch.so.0.0.0
7f6cdab2d000-7f6cdab2e000 rw-p 0009a000 ca:02 12294369                   /usr/local/lib/x86_64-linux-gnu/libGLdispatch.so.0.0.0
7f6cdab2e000-7f6cdab4e000 rw-p 00000000 00:00 0 
7f6cdab4e000-7f6cdab69000 r-xp 00000000 ca:02 12294366                   /usr/local/lib/x86_64-linux-gnu/libGLX.so.0.0.0
7f6cdab69000-7f6cdad68000 ---p 0001b000 ca:02 12294366                   /usr/local/lib/x86_64-linux-gnu/libGLX.so.0.0.0
7f6cdad68000-7f6cdad69000 r--p 0001a000 ca:02 12294366                   /usr/local/lib/x86_64-linux-gnu/libGLX.so.0.0.0
7f6cdad69000-7f6cdad6a000 rw-p 0001b000 ca:02 12294366                   /usr/local/lib/x86_64-linux-gnu/libGLX.so.0.0.0
7f6cdad6a000-7f6cdad8a000 rw-p 00000000 00:00 0 
7f6cdad8a000-7f6cdadd0000 r-xp 00000000 ca:02 12294357                   /usr/local/lib/x86_64-linux-gnu/libGL.so.1.7.0
7f6cdadd0000-7f6cdadea000 r-xp 00046000 ca:02 12294357                   /usr/local/lib/x86_64-linux-gnu/libGL.so.1.7.0
7f6cdadea000-7f6cdadfe000 r-xp 00060000 ca:02 12294357                   /usr/local/lib/x86_64-linux-gnu/libGL.so.1.7.0
7f6cdadfe000-7f6cdaffe000 ---p 00074000 ca:02 12294357                   /usr/local/lib/x86_64-linux-gnu/libGL.so.1.7.0
7f6cdaffe000-7f6cdb018000 r--p 00074000 ca:02 12294357                   /usr/local/lib/x86_64-linux-gnu/libGL.so.1.7.0
7f6cdb018000-7f6cdb019000 rw-p 0008e000 ca:02 12294357                   /usr/local/lib/x86_64-linux-gnu/libGL.so.1.7.0
7f6cdb019000-7f6cdb01a000 rw-p 00000000 00:00 0 
7f6cdb01a000-7f6cdb01f000 r-xp 00000000 ca:02 12555383                   /usr/lib/x86_64-linux-gnu/libXxf86vm.so.1.0.0
7f6cdb01f000-7f6cdb21e000 ---p 00005000 ca:02 12555383                   /usr/lib/x86_64-linux-gnu/libXxf86vm.so.1.0.0
7f6cdb21e000-7f6cdb21f000 r--p 00004000 ca:02 12555383                   /usr/lib/x86_64-linux-gnu/libXxf86vm.so.1.0.0
7f6cdb21f000-7f6cdb220000 rw-p 00005000 ca:02 12555383                   /usr/lib/x86_64-linux-gnu/libXxf86vm.so.1.0.0
7f6cdb220000-7f6cdb22a000 r-xp 00000000 ca:02 12555371                   /usr/lib/x86_64-linux-gnu/libXrandr.so.2.2.0
7f6cdb22a000-7f6cdb429000 ---p 0000a000 ca:02 12555371                   /usr/lib/x86_64-linux-gnu/libXrandr.so.2.2.0
7f6cdb429000-7f6cdb42a000 r--p 00009000 ca:02 12555371                   /usr/lib/x86_64-linux-gnu/libXrandr.so.2.2.0
7f6cdb42a000-7f6cdb42b000 rw-p 0000a000 ca:02 12555371                   /usr/lib/x86_64-linux-gnu/libXrandr.so.2.2.0
7f6cdb42b000-7f6cdb43a000 r-xp 00000000 ca:02 12555361                   /usr/lib/x86_64-linux-gnu/libXi.so.6.1.0
7f6cdb43a000-7f6cdb639000 ---p 0000f000 ca:02 12555361                   /usr/lib/x86_64-linux-gnu/libXi.so.6.1.0
7f6cdb639000-7f6cdb63a000 r--p 0000e000 ca:02 12555361                   /usr/lib/x86_64-linux-gnu/libXi.so.6.1.0
7f6cdb63a000-7f6cdb63b000 rw-p 0000f000 ca:02 12555361                   /usr/lib/x86_64-linux-gnu/libXi.so.6.1.0
7f6cdb63b000-7f6cdb63d000 r-xp 00000000 ca:02 12555363                   /usr/lib/x86_64-linux-gnu/libXinerama.so.1.0.0
7f6cdb63d000-7f6cdb83c000 ---p 00002000 ca:02 12555363                   /usr/lib/x86_64-linux-gnu/libXinerama.so.1.0.0
7f6cdb83c000-7f6cdb83d000 r--p 00001000 ca:02 12555363                   /usr/lib/x86_64-linux-gnu/libXinerama.so.1.0.0
7f6cdb83d000-7f6cdb83e000 rw-p 00002000 ca:02 12555363                   /usr/lib/x86_64-linux-gnu/libXinerama.so.1.0.0
7f6cdb83e000-7f6cdb843000 r-xp 00000000 ca:02 12555355                   /usr/lib/x86_64-linux-gnu/libXfixes.so.3.1.0
7f6cdb843000-7f6cdba42000 ---p 00005000 ca:02 12555355                   /usr/lib/x86_64-linux-gnu/libXfixes.so.3.1.0
7f6cdba42000-7f6cdba43000 r--p 00004000 ca:02 12555355                   /usr/lib/x86_64-linux-gnu/libXfixes.so.3.1.0
7f6cdba43000-7f6cdba44000 rw-p 00005000 ca:02 12555355                   /usr/lib/x86_64-linux-gnu/libXfixes.so.3.1.0
7f6cdba44000-7f6cdba4d000 r-xp 00000000 ca:02 12555373                   /usr/lib/x86_64-linux-gnu/libXrender.so.1.3.0
7f6cdba4d000-7f6cdbc4c000 ---p 00009000 ca:02 12555373                   /usr/lib/x86_64-linux-gnu/libXrender.so.1.3.0
7f6cdbc4c000-7f6cdbc4d000 r--p 00008000 ca:02 12555373                   /usr/lib/x86_64-linux-gnu/libXrender.so.1.3.0
7f6cdbc4d000-7f6cdbc4e000 rw-p 00009000 ca:02 12555373                   /usr/lib/x86_64-linux-gnu/libXrender.so.1.3.0
7f6cdbc4e000-7f6cdbc57000 r-xp 00000000 ca:02 12555351                   /usr/lib/x86_64-linux-gnu/libXcursor.so.1.0.2
7f6cdbc57000-7f6cdbe56000 ---p 00009000 ca:02 12555351                   /usr/lib/x86_64-linux-gnu/libXcursor.so.1.0.2
7f6cdbe56000-7f6cdbe57000 r--p 00008000 ca:02 12555351                   /usr/lib/x86_64-linux-gnu/libXcursor.so.1.0.2
7f6cdbe57000-7f6cdbe58000 rw-p 00009000 ca:02 12555351                   /usr/lib/x86_64-linux-gnu/libXcursor.so.1.0.2
7f6cdbe58000-7f6cdbe69000 r-xp 00000000 ca:02 12293951                   /usr/lib/x86_64-linux-gnu/libXext.so.6.4.0
7f6cdbe69000-7f6cdc068000 ---p 00011000 ca:02 12293951                   /usr/lib/x86_64-linux-gnu/libXext.so.6.4.0
7f6cdc068000-7f6cdc069000 r--p 00010000 ca:02 12293951                   /usr/lib/x86_64-linux-gnu/libXext.so.6.4.0
7f6cdc069000-7f6cdc06a000 rw-p 00011000 ca:02 12293951                   /usr/lib/x86_64-linux-gnu/libXext.so.6.4.0
7f6cdc06a000-7f6cdc06f000 r-xp 00000000 ca:02 12293949                   /usr/lib/x86_64-linux-gnu/libXdmcp.so.6.0.0
7f6cdc06f000-7f6cdc26e000 ---p 00005000 ca:02 12293949                   /usr/lib/x86_64-linux-gnu/libXdmcp.so.6.0.0
7f6cdc26e000-7f6cdc26f000 r--p 00004000 ca:02 12293949                   /usr/lib/x86_64-linux-gnu/libXdmcp.so.6.0.0
7f6cdc26f000-7f6cdc270000 rw-p 00005000 ca:02 12293949                   /usr/lib/x86_64-linux-gnu/libXdmcp.so.6.0.0
7f6cdc270000-7f6cdc272000 r-xp 00000000 ca:02 12293947                   /usr/lib/x86_64-linux-gnu/libXau.so.6.0.0
7f6cdc272000-7f6cdc472000 ---p 00002000 ca:02 12293947                   /usr/lib/x86_64-linux-gnu/libXau.so.6.0.0
7f6cdc472000-7f6cdc473000 r--p 00002000 ca:02 12293947                   /usr/lib/x86_64-linux-gnu/libXau.so.6.0.0
7f6cdc473000-7f6cdc474000 rw-p 00003000 ca:02 12293947                   /usr/lib/x86_64-linux-gnu/libXau.so.6.0.0
7f6cdc474000-7f6cdc495000 r-xp 00000000 ca:02 12293953                   /usr/lib/x86_64-linux-gnu/libxcb.so.1.1.0
7f6cdc495000-7f6cdc694000 ---p 00021000 ca:02 12293953                   /usr/lib/x86_64-linux-gnu/libxcb.so.1.1.0
7f6cdc694000-7f6cdc695000 r--p 00020000 ca:02 12293953                   /usr/lib/x86_64-linux-gnu/libxcb.so.1.1.0
7f6cdc695000-7f6cdc696000 rw-p 00021000 ca:02 12293953                   /usr/lib/x86_64-linux-gnu/libxcb.so.1.1.0
7f6cdc696000-7f6cdc7cb000 r-xp 00000000 ca:02 12293945                   /usr/lib/x86_64-linux-gnu/libX11.so.6.3.0
7f6cdc7cb000-7f6cdc9cb000 ---p 00135000 ca:02 12293945                   /usr/lib/x86_64-linux-gnu/libX11.so.6.3.0
7f6cdc9cb000-7f6cdc9cc000 r--p 00135000 ca:02 12293945                   /usr/lib/x86_64-linux-gnu/libX11.so.6.3.0
7f6cdc9cc000-7f6cdc9d0000 rw-p 00136000 ca:02 12293945                   /usr/lib/x86_64-linux-gnu/libX11.so.6.3.0
7f6cdc9d0000-7f6cdc9d1000 ---p 00000000 00:00 0 
7f6cdc9d1000-7f6cdd1d1000 rw-p 00000000 00:00 0 
7f6cdd1d1000-7f6cdd1d8000 r-xp 00000000 ca:02 12288958                   /lib/x86_64-linux-gnu/librt-2.23.so
7f6cdd1d8000-7f6cdd3d7000 ---p 00007000 ca:02 12288958                   /lib/x86_64-linux-gnu/librt-2.23.so
7f6cdd3d7000-7f6cdd3d8000 r--p 00006000 ca:02 12288958                   /lib/x86_64-linux-gnu/librt-2.23.so
7f6cdd3d8000-7f6cdd3d9000 rw-p 00007000 ca:02 12288958                   /lib/x86_64-linux-gnu/librt-2.23.so
7f6cdd3d9000-7f6cdd3dc000 r-xp 00000000 ca:02 12288897                   /lib/x86_64-linux-gnu/libdl-2.23.so
7f6cdd3dc000-7f6cdd5db000 ---p 00003000 ca:02 12288897                   /lib/x86_64-linux-gnu/libdl-2.23.so
7f6cdd5db000-7f6cdd5dc000 r--p 00002000 ca:02 12288897                   /lib/x86_64-linux-gnu/libdl-2.23.so
7f6cdd5dc000-7f6cdd5dd000 rw-p 00003000 ca:02 12288897                   /lib/x86_64-linux-gnu/libdl-2.23.so
7f6cdd5dd000-7f6cdd79d000 r-xp 00000000 ca:02 12288884                   /lib/x86_64-linux-gnu/libc-2.23.so
7f6cdd79d000-7f6cdd99d000 ---p 001c0000 ca:02 12288884                   /lib/x86_64-linux-gnu/libc-2.23.so
7f6cdd99d000-7f6cdd9a1000 r--p 001c0000 ca:02 12288884                   /lib/x86_64-linux-gnu/libc-2.23.so
7f6cdd9a1000-7f6cdd9a3000 rw-p 001c4000 ca:02 12288884                   /lib/x86_64-linux-gnu/libc-2.23.so
7f6cdd9a3000-7f6cdd9a7000 rw-p 00000000 00:00 0 
7f6cdd9a7000-7f6cdd9bf000 r-xp 00000000 ca:02 12288952                   /lib/x86_64-linux-gnu/libpthread-2.23.so
7f6cdd9bf000-7f6cddbbe000 ---p 00018000 ca:02 12288952                   /lib/x86_64-linux-gnu/libpthread-2.23.so
7f6cddbbe000-7f6cddbbf000 r--p 00017000 ca:02 12288952                   /lib/x86_64-linux-gnu/libpthread-2.23.so
7f6cddbbf000-7f6cddbc0000 rw-p 00018000 ca:02 12288952                   /lib/x86_64-linux-gnu/libpthread-2.23.so
7f6cddbc0000-7f6cddbc4000 rw-p 00000000 00:00 0 
7f6cddbc4000-7f6cddbda000 r-xp 00000000 ca:02 12288905                   /lib/x86_64-linux-gnu/libgcc_s.so.1
7f6cddbda000-7f6cdddd9000 ---p 00016000 ca:02 12288905                   /lib/x86_64-linux-gnu/libgcc_s.so.1
7f6cdddd9000-7f6cdddda000 rw-p 00015000 ca:02 12288905                   /lib/x86_64-linux-gnu/libgcc_s.so.1
7f6cdddda000-7f6cddee2000 r-xp 00000000 ca:02 12288916                   /lib/x86_64-linux-gnu/libm-2.23.so
7f6cddee2000-7f6cde0e1000 ---p 00108000 ca:02 12288916                   /lib/x86_64-linux-gnu/libm-2.23.so
7f6cde0e1000-7f6cde0e2000 r--p 00107000 ca:02 12288916                   /lib/x86_64-linux-gnu/libm-2.23.so
7f6cde0e2000-7f6cde0e3000 rw-p 00108000 ca:02 12288916                   /lib/x86_64-linux-gnu/libm-2.23.so
7f6cde0e3000-7f6cde83d000 r--p 00000000 ca:02 12297862                   /TDW/UnityPlayer.so
7f6cde83d000-7f6ce0005000 r-xp 0075a000 ca:02 12297862                   /TDW/UnityPlayer.so
7f6ce0005000-7f6ce00a1000 r--p 01f22000 ca:02 12297862                   /TDW/UnityPlayer.so
7f6ce00a1000-7f6ce00d0000 rw-p 01fbe000 ca:02 12297862                   /TDW/UnityPlayer.so
7f6ce00d0000-7f6ce01cf000 rw-p 00000000 00:00 0 
7f6ce01cf000-7f6ce01f5000 r-xp 00000000 ca:02 12288864                   /lib/x86_64-linux-gnu/ld-2.23.so
7f6ce01f5000-7f6ce01f9000 rw-p 00000000 00:00 0 
7f6ce01f9000-7f6ce01fd000 rw-s 00000000 00:06 420                        /dev/nvidiactl
7f6ce01fd000-7f6ce01fe000 rw-s 00000000 00:06 421                        /dev/nvidia0
7f6ce01fe000-7f6ce0200000 rw-s 00000000 00:06 420                        /dev/nvidiactl
7f6ce0200000-7f6ce0220000 rw-s 00000000 00:06 420                        /dev/nvidiactl
7f6ce0222000-7f6ce0223000 rwxp 00000000 00:00 0 
7f6ce0223000-7f6ce0226000 rw-s 00000000 00:06 420                        /dev/nvidiactl
7f6ce0226000-7f6ce022a000 rw-p 00000000 00:00 0 
7f6ce022a000-7f6ce022b000 rw-s 00000000 00:06 421                        /dev/nvidia0
7f6ce022b000-7f6ce022d000 rw-s 00000000 00:06 420                        /dev/nvidiactl
7f6ce022d000-7f6ce022e000 rw-s 00000000 00:06 421                        /dev/nvidia0
7f6ce022e000-7f6ce022f000 rw-s 00000000 00:06 421                        /dev/nvidia0
7f6ce022f000-7f6ce0230000 rw-s 00000000 00:06 421                        /dev/nvidia0
7f6ce0230000-7f6ce0231000 rw-s 00000000 00:06 420                        /dev/nvidiactl
7f6ce0231000-7f6ce0232000 rw-s 00000000 00:06 420                        /dev/nvidiactl
7f6ce0232000-7f6ce0235000 rw-s 00000000 00:06 420                        /dev/nvidiactl
7f6ce0235000-7f6ce0237000 rw-s 00000000 00:05 1108176276                 /memfd:/.glXXXXXX (deleted)
7f6ce0237000-7f6ce023f000 rw-p 00000000 00:00 0 
7f6ce023f000-7f6ce0240000 rw-s 00000000 00:31 3                          /dev/shm/mono.6
7f6ce0240000-7f6ce03e5000 rw-s 00000000 00:05 1108175165                 /memfd:/.nvidia_drv.XXXXXX (deleted)
7f6ce03e5000-7f6ce03ea000 rw-p 00000000 00:00 0 
7f6ce03ea000-7f6ce03ee000 rw-s 00000000 00:06 420                        /dev/nvidiactl
7f6ce03ee000-7f6ce03ef000 rw-s 00000000 00:06 421                        /dev/nvidia0
7f6ce03ef000-7f6ce03f0000 rw-s 00000000 00:06 421                        /dev/nvidia0
7f6ce03f0000-7f6ce03f1000 rw-s 00000000 00:06 421                        /dev/nvidia0
7f6ce03f1000-7f6ce03f2000 rw-s 00000000 00:06 420                        /dev/nvidiactl
7f6ce03f2000-7f6ce03f3000 rw-s 00000000 00:06 420                        /dev/nvidiactl
7f6ce03f3000-7f6ce03f4000 rw-p 00000000 00:00 0 
7f6ce03f4000-7f6ce03f5000 r--p 00025000 ca:02 12288864                   /lib/x86_64-linux-gnu/ld-2.23.so
7f6ce03f5000-7f6ce03f6000 rw-p 00026000 ca:02 12288864                   /lib/x86_64-linux-gnu/ld-2.23.so
7f6ce03f6000-7f6ce03f7000 rw-p 00000000 00:00 0 
7ffc905c8000-7ffc905d0000 ---p 00000000 00:00 0 
7ffc90d8d000-7ffc90dc7000 rw-p 00000000 00:00 0                          [stack]
7ffc90dd8000-7ffc90dda000 r--p 00000000 00:00 0                          [vvar]
7ffc90dda000-7ffc90ddc000 r-xp 00000000 00:00 0                          [vdso]
ffffffffff600000-ffffffffff601000 r-xp 00000000 00:00 0                  [vsyscall]

Native stacktrace:

	/TDW/TDW_Data/MonoBleedingEdge/x86_64/libmonobdwgc-2.0.so(+0xd7fac) [0x7f6cd7241fac]
	/TDW/TDW_Data/MonoBleedingEdge/x86_64/libmonobdwgc-2.0.so(+0x5bd4f) [0x7f6cd71c5d4f]
	/lib/x86_64-linux-gnu/libpthread.so.0(+0x11390) [0x7f6cdd9b8390]
	/TDW/UnityPlayer.so(+0x1d63d7f) [0x7f6cdfe46d7f]
	/TDW/UnityPlayer.so(+0x1d64c00) [0x7f6cdfe47c00]
	/TDW/UnityPlayer.so(+0x1c43204) [0x7f6cdfd26204]
	/TDW/UnityPlayer.so(+0xf17c6a) [0x7f6cdeffac6a]
	/TDW/UnityPlayer.so(+0xdf99c4) [0x7f6cdeedc9c4]
	/TDW/UnityPlayer.so(+0xdf9f16) [0x7f6cdeedcf16]
	/TDW/UnityPlayer.so(+0xdf9170) [0x7f6cdeedc170]
	/TDW/UnityPlayer.so(+0xeeab2a) [0x7f6cdefcdb2a]
	/lib/x86_64-linux-gnu/libpthread.so.0(+0x76ba) [0x7f6cdd9ae6ba]
	/lib/x86_64-linux-gnu/libc.so.6(clone+0x6d) [0x7f6cdd6e44dd]

Debug info from gdb:

mono_gdb_render_native_backtraces not supported on this platform, unable to find gdb or lldb
